Removed Pin From Net: NetName=GND Pin=RESET-1
Removed Pin From Net: NetName=GND Pin=RESET-2
Removed Pin From Net: NetName=NetR1_1 Pin=RESET-3
Removed Pin From Net: NetName=Reset Pin=RESET-4
Change Component Footprint: Designator=J1 Old Footprint=programming New Footprint=programming3D
Change Component Footprint: Designator=Y1 Old Footprint=SG-636 New Footprint=SG-636_3D
Added Component: Designator=C3(Cap 0805)
Added Component: Designator=C4(Cap 0805)
Added Component: Designator=C5(Cap 0805)
Added Component: Designator=C6(Cap 0805)
Added Component: Designator=C7(Cap 0805)
Added Component: Designator=C8(Cap 0805)
Added Member To Class: ClassName=Connectors Member=Component J5 Molex Micro
Added Member To Class: ClassName=Connectors Member=Component J7 Molex Micro
Added Member To Class: ClassName=Connectors Member=Component J8 Molex Micro
Added Member To Class: ClassName=Connectors Member=Component J10 Molex Micro
Added Member To Class: ClassName=Connectors Member=Component J11 Molex Micro
Added Room: Name=CAN
Added Room: Name=Connectors
Added Room: Name=PSoC
