Removed Member From Class: ClassName=Connectors Member=CAN
Removed Member From Class: ClassName=Connectors Member=DH72
Removed Member From Class: ClassName=Connectors Member=DH73
Removed Member From Class: ClassName=Connectors Member=DH74
Removed Member From Class: ClassName=Connectors Member=DH75
Removed Member From Class: ClassName=Connectors Member=DH76
Removed Member From Class: ClassName=Connectors Member=DH78
Removed Member From Class: ClassName=Connectors Member=DH79
Removed Member From Class: ClassName=Connectors Member=DH81
Removed Member From Class: ClassName=Connectors Member=DH82
Removed Member From Class: ClassName=Connectors Member=DH84
Removed Member From Class: ClassName=Connectors Member=DH85
Removed Member From Class: ClassName=Connectors Member=DH86
Removed Member From Class: ClassName=Connectors Member=DH87
Removed Member From Class: ClassName=Connectors Member=DH88
Removed Member From Class: ClassName=Connectors Member=DH89
Removed Member From Class: ClassName=Connectors Member=DH90
Removed Member From Class: ClassName=Connectors Member=DH91
Removed Member From Class: ClassName=Connectors Member=DH92
Removed Member From Class: ClassName=Connectors Member=DH93
Removed Member From Class: ClassName=Connectors Member=DH94
Removed Member From Class: ClassName=Connectors Member=DH95
Removed Member From Class: ClassName=Connectors Member=DH
Removed Member From Class: ClassName=Connectors Member=TP2
Removed Member From Class: ClassName=Connectors Member=TP3
Removed Member From Class: ClassName=Connectors Member=TP4
Removed Member From Class: ClassName=Connectors Member=TP5
Removed Member From Class: ClassName=Connectors Member=TP6
Removed Member From Class: ClassName=Connectors Member=TP7
Removed Member From Class: ClassName=Connectors Member=TP8
Removed Member From Class: ClassName=Connectors Member=TP9
Removed Member From Class: ClassName=Connectors Member=TP11
Removed Member From Class: ClassName=Connectors Member=TP12
Removed Member From Class: ClassName=Connectors Member=TP13
Removed Member From Class: ClassName=Connectors Member=TP14
Removed Member From Class: ClassName=Connectors Member=TP15
Removed Member From Class: ClassName=Connectors Member=TP16
Removed Member From Class: ClassName=Connectors Member=TP18
Removed Member From Class: ClassName=Connectors Member=TP19
Removed Member From Class: ClassName=Connectors Member=TP20
Removed Member From Class: ClassName=Connectors Member=TP21
Removed Member From Class: ClassName=Connectors Member=TP22
Removed Member From Class: ClassName=Connectors Member=TP23
Removed Member From Class: ClassName=Connectors Member=TP24
Removed Member From Class: ClassName=Connectors Member=TP25
Removed Member From Class: ClassName=Connectors Member=TP26
Removed Member From Class: ClassName=Connectors Member=TP27
Added Member To Class: ClassName=Connectors Member=Component CAN  Molex Micro
Added Member To Class: ClassName=PSoC Member=Component Vcc  Test Point
