Removed Pin From Net: NetName=VCC Pin=C1-1
Removed Pin From Net: NetName=GND Pin=C1-2
Removed Pin From Net: NetName=GND Pin=C2-1
Removed Pin From Net: NetName=VCC Pin=C2-2
Change Component Comment : Designator=C1 Old Comment=0805ZD225KAT2A New Comment=10 µF
Change Component Comment : Designator=C2 Old Comment=0805ZD225KAT2A New Comment=10 µF
Change component parameters: Designator = "C1" ("C1"); Footprint = "CAPC2013X140X50LL20T25"; UniqueID = "\OOPUWROB" ("\OOPUWROB")
Change component parameters (AddParameter): Name = "Capacitance"; Value = "10 µF"; VariantName = "[No Variations]"
Change component parameters (AddParameter): Name = "Case Size/Dimension"; Value = "0805"; VariantName = "[No Variations]"
Change component parameters (AddParameter): Name = "Mounting Technology"; Value = "SurfaceMount"; VariantName = "[No Variations]"
Change component parameters (AddParameter): Name = "Package Reference"; Value = "0805"; VariantName = "[No Variations]"
Change component parameters: Designator = "C2" ("C2"); Footprint = "CAPC2013X140X50LL20T25"; UniqueID = "\QMYRTSNU" ("\QMYRTSNU")
Change component parameters (AddParameter): Name = "Capacitance"; Value = "10 µF"; VariantName = "[No Variations]"
Change component parameters (AddParameter): Name = "Case Size/Dimension"; Value = "0805"; VariantName = "[No Variations]"
Change component parameters (AddParameter): Name = "Mounting Technology"; Value = "SurfaceMount"; VariantName = "[No Variations]"
Change component parameters (AddParameter): Name = "Package Reference"; Value = "0805"; VariantName = "[No Variations]"
Added Component: Designator=C3(Cap 0805)
Added Component: Designator=C4(Cap 0805)
Added Component: Designator=C5(Cap 0805)
Added Component: Designator=C6(Cap 0805)
Added Component: Designator=C7(Cap 0805)
Added Component: Designator=C8(Cap 0805)
Added Pin To Net: NetName=GND Pin=C1-1
Added Pin To Net: NetName=VCC Pin=C1-2
Added Pin To Net: NetName=VCC Pin=C2-1
Added Pin To Net: NetName=GND Pin=C2-2
