Change Component Designator: Old Designator=3.3V New Designator=2
Change Component Designator: Old Designator=5V New Designator=1
Change Component Designator: Old Designator=J2 New Designator=J4
Change Component Designator: Old Designator=J? New Designator=J2
Change Component Designator: Old Designator=J? New Designator=J3
Change Component Designator: Old Designator=J? New Designator=J5
Change Component Designator: Old Designator=J? New Designator=J6
Change Component Designator: Old Designator=J? New Designator=J7
Change Component Designator: Old Designator=J? New Designator=J8
Change Component Designator: Old Designator=J? New Designator=J9
Change Component Designator: Old Designator=J? New Designator=J10
Change Component Designator: Old Designator=J? New Designator=J11
Change Component Designator: Old Designator=SPI1 New Designator=SPI7
Change Component Designator: Old Designator=SPI2 New Designator=SPI8
Change Component Designator: Old Designator=SPI3 New Designator=SPI5
Change Component Designator: Old Designator=SPI4 New Designator=SPI6
Change Component Designator: Old Designator=SPI5 New Designator=SPI3
Change Component Designator: Old Designator=SPI6 New Designator=SPI4
Change Component Designator: Old Designator=SPI7 New Designator=SPI1
Change Component Designator: Old Designator=SPI8 New Designator=SPI2
Change Component Designator: Old Designator=UART1 New Designator=UART5
Change Component Designator: Old Designator=UART2 New Designator=UART6
Change Component Designator: Old Designator=UART5 New Designator=UART1
Change Component Designator: Old Designator=UART6 New Designator=UART2
Change Component Designator: Old Designator=Vcc New Designator=Vcc1
