Update Managed Component 3.3V From CMP-009-00062-1[Jumper] To CMP-009-00062-1[0R2J] in Connectors.SchDoc
Update Managed Component 5V From CMP-009-00062-1[Jumper] To CMP-009-00062-1[0R2J] in Connectors.SchDoc
Replace Part CANH Test Point in C:\Users\warre\Documents\Husky Robotics\CAN-GPIO-PCB-A-2019-2020\CAN_GPIO_1.0_RW\Connectors.SchDoc with Test Point from Husky Robotics Standard Library 2019-2020.IntLib
Replace Part CANL Test Point in C:\Users\warre\Documents\Husky Robotics\CAN-GPIO-PCB-A-2019-2020\CAN_GPIO_1.0_RW\Connectors.SchDoc with Test Point from Husky Robotics Standard Library 2019-2020.IntLib
Replace Part CLK Test Point in C:\Users\warre\Documents\Husky Robotics\CAN-GPIO-PCB-A-2019-2020\CAN_GPIO_1.0_RW\Connectors.SchDoc with Test Point from Husky Robotics Standard Library 2019-2020.IntLib
Replace Part Data Test Point in C:\Users\warre\Documents\Husky Robotics\CAN-GPIO-PCB-A-2019-2020\CAN_GPIO_1.0_RW\Connectors.SchDoc with Test Point from Husky Robotics Standard Library 2019-2020.IntLib
Replace Part DH1 Test Point in C:\Users\warre\Documents\Husky Robotics\CAN-GPIO-PCB-A-2019-2020\CAN_GPIO_1.0_RW\Connectors.SchDoc with Test Point from Husky Robotics Standard Library 2019-2020.IntLib
Replace Part DH2 Test Point in C:\Users\warre\Documents\Husky Robotics\CAN-GPIO-PCB-A-2019-2020\CAN_GPIO_1.0_RW\Connectors.SchDoc with Test Point from Husky Robotics Standard Library 2019-2020.IntLib
Replace Part DH3 Test Point in C:\Users\warre\Documents\Husky Robotics\CAN-GPIO-PCB-A-2019-2020\CAN_GPIO_1.0_RW\Connectors.SchDoc with Test Point from Husky Robotics Standard Library 2019-2020.IntLib
Replace Part DH4 Test Point in C:\Users\warre\Documents\Husky Robotics\CAN-GPIO-PCB-A-2019-2020\CAN_GPIO_1.0_RW\Connectors.SchDoc with Test Point from Husky Robotics Standard Library 2019-2020.IntLib
Replace Part DH5 Test Point in C:\Users\warre\Documents\Husky Robotics\CAN-GPIO-PCB-A-2019-2020\CAN_GPIO_1.0_RW\Connectors.SchDoc with Test Point from Husky Robotics Standard Library 2019-2020.IntLib
Replace Part DH6 Test Point in C:\Users\warre\Documents\Husky Robotics\CAN-GPIO-PCB-A-2019-2020\CAN_GPIO_1.0_RW\Connectors.SchDoc with Test Point from Husky Robotics Standard Library 2019-2020.IntLib
Replace Part DH7 Test Point in C:\Users\warre\Documents\Husky Robotics\CAN-GPIO-PCB-A-2019-2020\CAN_GPIO_1.0_RW\Connectors.SchDoc with Test Point from Husky Robotics Standard Library 2019-2020.IntLib
Replace Part DH8 Test Point in C:\Users\warre\Documents\Husky Robotics\CAN-GPIO-PCB-A-2019-2020\CAN_GPIO_1.0_RW\Connectors.SchDoc with Test Point from Husky Robotics Standard Library 2019-2020.IntLib
Replace Part DH9 Test Point in C:\Users\warre\Documents\Husky Robotics\CAN-GPIO-PCB-A-2019-2020\CAN_GPIO_1.0_RW\Connectors.SchDoc with Test Point from Husky Robotics Standard Library 2019-2020.IntLib
Replace Part DH10 Test Point in C:\Users\warre\Documents\Husky Robotics\CAN-GPIO-PCB-A-2019-2020\CAN_GPIO_1.0_RW\Connectors.SchDoc with Test Point from Husky Robotics Standard Library 2019-2020.IntLib
Replace Part DH11 Test Point in C:\Users\warre\Documents\Husky Robotics\CAN-GPIO-PCB-A-2019-2020\CAN_GPIO_1.0_RW\Connectors.SchDoc with Test Point from Husky Robotics Standard Library 2019-2020.IntLib
Replace Part DH12 Test Point in C:\Users\warre\Documents\Husky Robotics\CAN-GPIO-PCB-A-2019-2020\CAN_GPIO_1.0_RW\Connectors.SchDoc with Test Point from Husky Robotics Standard Library 2019-2020.IntLib
Replace Part DH13 Test Point in C:\Users\warre\Documents\Husky Robotics\CAN-GPIO-PCB-A-2019-2020\CAN_GPIO_1.0_RW\Connectors.SchDoc with Test Point from Husky Robotics Standard Library 2019-2020.IntLib
Replace Part DH14 Test Point in C:\Users\warre\Documents\Husky Robotics\CAN-GPIO-PCB-A-2019-2020\CAN_GPIO_1.0_RW\Connectors.SchDoc with Test Point from Husky Robotics Standard Library 2019-2020.IntLib
Replace Part DH15 Test Point in C:\Users\warre\Documents\Husky Robotics\CAN-GPIO-PCB-A-2019-2020\CAN_GPIO_1.0_RW\Connectors.SchDoc with Test Point from Husky Robotics Standard Library 2019-2020.IntLib
Replace Part DH16 Test Point in C:\Users\warre\Documents\Husky Robotics\CAN-GPIO-PCB-A-2019-2020\CAN_GPIO_1.0_RW\Connectors.SchDoc with Test Point from Husky Robotics Standard Library 2019-2020.IntLib
Replace Part DH17 Test Point in C:\Users\warre\Documents\Husky Robotics\CAN-GPIO-PCB-A-2019-2020\CAN_GPIO_1.0_RW\Connectors.SchDoc with Test Point from Husky Robotics Standard Library 2019-2020.IntLib
Replace Part DH18 Test Point in C:\Users\warre\Documents\Husky Robotics\CAN-GPIO-PCB-A-2019-2020\CAN_GPIO_1.0_RW\Connectors.SchDoc with Test Point from Husky Robotics Standard Library 2019-2020.IntLib
Replace Part DH19 Test Point in C:\Users\warre\Documents\Husky Robotics\CAN-GPIO-PCB-A-2019-2020\CAN_GPIO_1.0_RW\Connectors.SchDoc with Test Point from Husky Robotics Standard Library 2019-2020.IntLib
Replace Part DH20 Test Point in C:\Users\warre\Documents\Husky Robotics\CAN-GPIO-PCB-A-2019-2020\CAN_GPIO_1.0_RW\Connectors.SchDoc with Test Point from Husky Robotics Standard Library 2019-2020.IntLib
Replace Part DH21 Test Point in C:\Users\warre\Documents\Husky Robotics\CAN-GPIO-PCB-A-2019-2020\CAN_GPIO_1.0_RW\Connectors.SchDoc with Test Point from Husky Robotics Standard Library 2019-2020.IntLib
Replace Part DH22 Test Point in C:\Users\warre\Documents\Husky Robotics\CAN-GPIO-PCB-A-2019-2020\CAN_GPIO_1.0_RW\Connectors.SchDoc with Test Point from Husky Robotics Standard Library 2019-2020.IntLib
Replace Part DH23 Test Point in C:\Users\warre\Documents\Husky Robotics\CAN-GPIO-PCB-A-2019-2020\CAN_GPIO_1.0_RW\Connectors.SchDoc with Test Point from Husky Robotics Standard Library 2019-2020.IntLib
Replace Part DH24 Test Point in C:\Users\warre\Documents\Husky Robotics\CAN-GPIO-PCB-A-2019-2020\CAN_GPIO_1.0_RW\Connectors.SchDoc with Test Point from Husky Robotics Standard Library 2019-2020.IntLib
Replace Part DH25 Test Point in C:\Users\warre\Documents\Husky Robotics\CAN-GPIO-PCB-A-2019-2020\CAN_GPIO_1.0_RW\Connectors.SchDoc with Test Point from Husky Robotics Standard Library 2019-2020.IntLib
Replace Part DH26 Test Point in C:\Users\warre\Documents\Husky Robotics\CAN-GPIO-PCB-A-2019-2020\CAN_GPIO_1.0_RW\Connectors.SchDoc with Test Point from Husky Robotics Standard Library 2019-2020.IntLib
Replace Part DH27 Test Point in C:\Users\warre\Documents\Husky Robotics\CAN-GPIO-PCB-A-2019-2020\CAN_GPIO_1.0_RW\Connectors.SchDoc with Test Point from Husky Robotics Standard Library 2019-2020.IntLib
Replace Part DH28 Test Point in C:\Users\warre\Documents\Husky Robotics\CAN-GPIO-PCB-A-2019-2020\CAN_GPIO_1.0_RW\Connectors.SchDoc with Test Point from Husky Robotics Standard Library 2019-2020.IntLib
Replace Part DH29 Test Point in C:\Users\warre\Documents\Husky Robotics\CAN-GPIO-PCB-A-2019-2020\CAN_GPIO_1.0_RW\Connectors.SchDoc with Test Point from Husky Robotics Standard Library 2019-2020.IntLib
Replace Part DH30 Test Point in C:\Users\warre\Documents\Husky Robotics\CAN-GPIO-PCB-A-2019-2020\CAN_GPIO_1.0_RW\Connectors.SchDoc with Test Point from Husky Robotics Standard Library 2019-2020.IntLib
Replace Part DH31 Test Point in C:\Users\warre\Documents\Husky Robotics\CAN-GPIO-PCB-A-2019-2020\CAN_GPIO_1.0_RW\Connectors.SchDoc with Test Point from Husky Robotics Standard Library 2019-2020.IntLib
Replace Part DH32 Test Point in C:\Users\warre\Documents\Husky Robotics\CAN-GPIO-PCB-A-2019-2020\CAN_GPIO_1.0_RW\Connectors.SchDoc with Test Point from Husky Robotics Standard Library 2019-2020.IntLib
Replace Part DH33 Test Point in C:\Users\warre\Documents\Husky Robotics\CAN-GPIO-PCB-A-2019-2020\CAN_GPIO_1.0_RW\Connectors.SchDoc with Test Point from Husky Robotics Standard Library 2019-2020.IntLib
Replace Part DH34 Test Point in C:\Users\warre\Documents\Husky Robotics\CAN-GPIO-PCB-A-2019-2020\CAN_GPIO_1.0_RW\Connectors.SchDoc with Test Point from Husky Robotics Standard Library 2019-2020.IntLib
Replace Part DH35 Test Point in C:\Users\warre\Documents\Husky Robotics\CAN-GPIO-PCB-A-2019-2020\CAN_GPIO_1.0_RW\Connectors.SchDoc with Test Point from Husky Robotics Standard Library 2019-2020.IntLib
Replace Part DH36 Test Point in C:\Users\warre\Documents\Husky Robotics\CAN-GPIO-PCB-A-2019-2020\CAN_GPIO_1.0_RW\Connectors.SchDoc with Test Point from Husky Robotics Standard Library 2019-2020.IntLib
Replace Part DH37 Test Point in C:\Users\warre\Documents\Husky Robotics\CAN-GPIO-PCB-A-2019-2020\CAN_GPIO_1.0_RW\Connectors.SchDoc with Test Point from Husky Robotics Standard Library 2019-2020.IntLib
Replace Part DH38 Test Point in C:\Users\warre\Documents\Husky Robotics\CAN-GPIO-PCB-A-2019-2020\CAN_GPIO_1.0_RW\Connectors.SchDoc with Test Point from Husky Robotics Standard Library 2019-2020.IntLib
Replace Part DH39 Test Point in C:\Users\warre\Documents\Husky Robotics\CAN-GPIO-PCB-A-2019-2020\CAN_GPIO_1.0_RW\Connectors.SchDoc with Test Point from Husky Robotics Standard Library 2019-2020.IntLib
Replace Part DH40 Test Point in C:\Users\warre\Documents\Husky Robotics\CAN-GPIO-PCB-A-2019-2020\CAN_GPIO_1.0_RW\Connectors.SchDoc with Test Point from Husky Robotics Standard Library 2019-2020.IntLib
Replace Part DH41 Test Point in C:\Users\warre\Documents\Husky Robotics\CAN-GPIO-PCB-A-2019-2020\CAN_GPIO_1.0_RW\Connectors.SchDoc with Test Point from Husky Robotics Standard Library 2019-2020.IntLib
Replace Part DH42 Test Point in C:\Users\warre\Documents\Husky Robotics\CAN-GPIO-PCB-A-2019-2020\CAN_GPIO_1.0_RW\Connectors.SchDoc with Test Point from Husky Robotics Standard Library 2019-2020.IntLib
Replace Part DH43 Test Point in C:\Users\warre\Documents\Husky Robotics\CAN-GPIO-PCB-A-2019-2020\CAN_GPIO_1.0_RW\Connectors.SchDoc with Test Point from Husky Robotics Standard Library 2019-2020.IntLib
Replace Part DH44 Test Point in C:\Users\warre\Documents\Husky Robotics\CAN-GPIO-PCB-A-2019-2020\CAN_GPIO_1.0_RW\Connectors.SchDoc with Test Point from Husky Robotics Standard Library 2019-2020.IntLib
Replace Part DH45 Test Point in C:\Users\warre\Documents\Husky Robotics\CAN-GPIO-PCB-A-2019-2020\CAN_GPIO_1.0_RW\Connectors.SchDoc with Test Point from Husky Robotics Standard Library 2019-2020.IntLib
Replace Part DH46 Test Point in C:\Users\warre\Documents\Husky Robotics\CAN-GPIO-PCB-A-2019-2020\CAN_GPIO_1.0_RW\Connectors.SchDoc with Test Point from Husky Robotics Standard Library 2019-2020.IntLib
Replace Part DH47 Test Point in C:\Users\warre\Documents\Husky Robotics\CAN-GPIO-PCB-A-2019-2020\CAN_GPIO_1.0_RW\Connectors.SchDoc with Test Point from Husky Robotics Standard Library 2019-2020.IntLib
Replace Part DH48 Test Point in C:\Users\warre\Documents\Husky Robotics\CAN-GPIO-PCB-A-2019-2020\CAN_GPIO_1.0_RW\Connectors.SchDoc with Test Point from Husky Robotics Standard Library 2019-2020.IntLib
Replace Part DH49 Test Point in C:\Users\warre\Documents\Husky Robotics\CAN-GPIO-PCB-A-2019-2020\CAN_GPIO_1.0_RW\Connectors.SchDoc with Test Point from Husky Robotics Standard Library 2019-2020.IntLib
Replace Part DH50 Test Point in C:\Users\warre\Documents\Husky Robotics\CAN-GPIO-PCB-A-2019-2020\CAN_GPIO_1.0_RW\Connectors.SchDoc with Test Point from Husky Robotics Standard Library 2019-2020.IntLib
Replace Part DH51 Test Point in C:\Users\warre\Documents\Husky Robotics\CAN-GPIO-PCB-A-2019-2020\CAN_GPIO_1.0_RW\Connectors.SchDoc with Test Point from Husky Robotics Standard Library 2019-2020.IntLib
Replace Part DH52 Test Point in C:\Users\warre\Documents\Husky Robotics\CAN-GPIO-PCB-A-2019-2020\CAN_GPIO_1.0_RW\Connectors.SchDoc with Test Point from Husky Robotics Standard Library 2019-2020.IntLib
Replace Part DH53 Test Point in C:\Users\warre\Documents\Husky Robotics\CAN-GPIO-PCB-A-2019-2020\CAN_GPIO_1.0_RW\Connectors.SchDoc with Test Point from Husky Robotics Standard Library 2019-2020.IntLib
Replace Part DH54 Test Point in C:\Users\warre\Documents\Husky Robotics\CAN-GPIO-PCB-A-2019-2020\CAN_GPIO_1.0_RW\Connectors.SchDoc with Test Point from Husky Robotics Standard Library 2019-2020.IntLib
Replace Part DH55 Test Point in C:\Users\warre\Documents\Husky Robotics\CAN-GPIO-PCB-A-2019-2020\CAN_GPIO_1.0_RW\Connectors.SchDoc with Test Point from Husky Robotics Standard Library 2019-2020.IntLib
Replace Part DH56 Test Point in C:\Users\warre\Documents\Husky Robotics\CAN-GPIO-PCB-A-2019-2020\CAN_GPIO_1.0_RW\Connectors.SchDoc with Test Point from Husky Robotics Standard Library 2019-2020.IntLib
Replace Part DH57 Test Point in C:\Users\warre\Documents\Husky Robotics\CAN-GPIO-PCB-A-2019-2020\CAN_GPIO_1.0_RW\Connectors.SchDoc with Test Point from Husky Robotics Standard Library 2019-2020.IntLib
Replace Part DH58 Test Point in C:\Users\warre\Documents\Husky Robotics\CAN-GPIO-PCB-A-2019-2020\CAN_GPIO_1.0_RW\Connectors.SchDoc with Test Point from Husky Robotics Standard Library 2019-2020.IntLib
Replace Part DH59 Test Point in C:\Users\warre\Documents\Husky Robotics\CAN-GPIO-PCB-A-2019-2020\CAN_GPIO_1.0_RW\Connectors.SchDoc with Test Point from Husky Robotics Standard Library 2019-2020.IntLib
Replace Part DH60 Test Point in C:\Users\warre\Documents\Husky Robotics\CAN-GPIO-PCB-A-2019-2020\CAN_GPIO_1.0_RW\Connectors.SchDoc with Test Point from Husky Robotics Standard Library 2019-2020.IntLib
Replace Part Encoder Molex micro-fit 6-pin (dual row schematic) in C:\Users\warre\Documents\Husky Robotics\CAN-GPIO-PCB-A-2019-2020\CAN_GPIO_1.0_RW\Connectors.SchDoc with Molex micro-fit 6-pin (dual row schematic) from Husky Robotics Standard Library 2019-2020.IntLib
Update Managed Component F1 From CMP-2000-06693-1[MF-NSMF150-2] To CMP-2000-06693-1[MF-NSMF150-2] in Connectors.SchDoc
Replace Part GND1 Test Point in C:\Users\warre\Documents\Husky Robotics\CAN-GPIO-PCB-A-2019-2020\CAN_GPIO_1.0_RW\Connectors.SchDoc with Test Point from Husky Robotics Standard Library 2019-2020.IntLib
Replace Part GND2 Test Point in C:\Users\warre\Documents\Husky Robotics\CAN-GPIO-PCB-A-2019-2020\CAN_GPIO_1.0_RW\Connectors.SchDoc with Test Point from Husky Robotics Standard Library 2019-2020.IntLib
Replace Part GND3 Test Point in C:\Users\warre\Documents\Husky Robotics\CAN-GPIO-PCB-A-2019-2020\CAN_GPIO_1.0_RW\Connectors.SchDoc with Test Point from Husky Robotics Standard Library 2019-2020.IntLib
Replace Part GND4 Test Point in C:\Users\warre\Documents\Husky Robotics\CAN-GPIO-PCB-A-2019-2020\CAN_GPIO_1.0_RW\Connectors.SchDoc with Test Point from Husky Robotics Standard Library 2019-2020.IntLib
Replace Part GND5 Test Point in C:\Users\warre\Documents\Husky Robotics\CAN-GPIO-PCB-A-2019-2020\CAN_GPIO_1.0_RW\Connectors.SchDoc with Test Point from Husky Robotics Standard Library 2019-2020.IntLib
Replace Part GND P2_3 Vcc 1985836 in C:\Users\warre\Documents\Husky Robotics\CAN-GPIO-PCB-A-2019-2020\CAN_GPIO_1.0_RW\Connectors.SchDoc with 1985836 from 1985836.IntLib
Replace Part I2C Molex micro-fit 4-pin (dual row schematic) in C:\Users\warre\Documents\Husky Robotics\CAN-GPIO-PCB-A-2019-2020\CAN_GPIO_1.0_RW\Connectors.SchDoc with Molex micro-fit 4-pin (dual row schematic) from Husky Robotics Standard Library 2019-2020.IntLib
Replace Part P2_2 Test Point in C:\Users\warre\Documents\Husky Robotics\CAN-GPIO-PCB-A-2019-2020\CAN_GPIO_1.0_RW\Connectors.SchDoc with Test Point from Husky Robotics Standard Library 2019-2020.IntLib
Replace Part P2_3 Test Point in C:\Users\warre\Documents\Husky Robotics\CAN-GPIO-PCB-A-2019-2020\CAN_GPIO_1.0_RW\Connectors.SchDoc with Test Point from Husky Robotics Standard Library 2019-2020.IntLib
Replace Part P2_4 Test Point in C:\Users\warre\Documents\Husky Robotics\CAN-GPIO-PCB-A-2019-2020\CAN_GPIO_1.0_RW\Connectors.SchDoc with Test Point from Husky Robotics Standard Library 2019-2020.IntLib
Replace Part P2_5 Test Point in C:\Users\warre\Documents\Husky Robotics\CAN-GPIO-PCB-A-2019-2020\CAN_GPIO_1.0_RW\Connectors.SchDoc with Test Point from Husky Robotics Standard Library 2019-2020.IntLib
Replace Part P2_6 Test Point in C:\Users\warre\Documents\Husky Robotics\CAN-GPIO-PCB-A-2019-2020\CAN_GPIO_1.0_RW\Connectors.SchDoc with Test Point from Husky Robotics Standard Library 2019-2020.IntLib
Replace Part P3_5 Test Point in C:\Users\warre\Documents\Husky Robotics\CAN-GPIO-PCB-A-2019-2020\CAN_GPIO_1.0_RW\Connectors.SchDoc with Test Point from Husky Robotics Standard Library 2019-2020.IntLib
Replace Part P3_7 Test Point in C:\Users\warre\Documents\Husky Robotics\CAN-GPIO-PCB-A-2019-2020\CAN_GPIO_1.0_RW\Connectors.SchDoc with Test Point from Husky Robotics Standard Library 2019-2020.IntLib
Replace Part P5_1 Test Point in C:\Users\warre\Documents\Husky Robotics\CAN-GPIO-PCB-A-2019-2020\CAN_GPIO_1.0_RW\Connectors.SchDoc with Test Point from Husky Robotics Standard Library 2019-2020.IntLib
Replace Part P6_1 Test Point in C:\Users\warre\Documents\Husky Robotics\CAN-GPIO-PCB-A-2019-2020\CAN_GPIO_1.0_RW\Connectors.SchDoc with Test Point from Husky Robotics Standard Library 2019-2020.IntLib
Replace Part P6_5 Test Point in C:\Users\warre\Documents\Husky Robotics\CAN-GPIO-PCB-A-2019-2020\CAN_GPIO_1.0_RW\Connectors.SchDoc with Test Point from Husky Robotics Standard Library 2019-2020.IntLib
Replace Part P7_1 Test Point in C:\Users\warre\Documents\Husky Robotics\CAN-GPIO-PCB-A-2019-2020\CAN_GPIO_1.0_RW\Connectors.SchDoc with Test Point from Husky Robotics Standard Library 2019-2020.IntLib
Replace Part P13_0 Test Point in C:\Users\warre\Documents\Husky Robotics\CAN-GPIO-PCB-A-2019-2020\CAN_GPIO_1.0_RW\Connectors.SchDoc with Test Point from Husky Robotics Standard Library 2019-2020.IntLib
Replace Part P13_1 Test Point in C:\Users\warre\Documents\Husky Robotics\CAN-GPIO-PCB-A-2019-2020\CAN_GPIO_1.0_RW\Connectors.SchDoc with Test Point from Husky Robotics Standard Library 2019-2020.IntLib
Replace Part P13_2 Test Point in C:\Users\warre\Documents\Husky Robotics\CAN-GPIO-PCB-A-2019-2020\CAN_GPIO_1.0_RW\Connectors.SchDoc with Test Point from Husky Robotics Standard Library 2019-2020.IntLib
Replace Part Pot Molex micro-fit 4-pin (dual row schematic) in C:\Users\warre\Documents\Husky Robotics\CAN-GPIO-PCB-A-2019-2020\CAN_GPIO_1.0_RW\Connectors.SchDoc with Molex micro-fit 4-pin (dual row schematic) from Husky Robotics Standard Library 2019-2020.IntLib
Replace Part PRG Programming Header in C:\Users\warre\Documents\Husky Robotics\CAN-GPIO-PCB-A-2019-2020\CAN_GPIO_1.0_RW\Connectors.SchDoc with Programming Header from Husky Robotics Standard Library 2019-2020.IntLib
Replace Part PWM_1 Molex micro-fit 4-pin (dual row schematic) in C:\Users\warre\Documents\Husky Robotics\CAN-GPIO-PCB-A-2019-2020\CAN_GPIO_1.0_RW\Connectors.SchDoc with Molex micro-fit 4-pin (dual row schematic) from Husky Robotics Standard Library 2019-2020.IntLib
Replace Part PWM_2 Molex micro-fit 4-pin (dual row schematic) in C:\Users\warre\Documents\Husky Robotics\CAN-GPIO-PCB-A-2019-2020\CAN_GPIO_1.0_RW\Connectors.SchDoc with Molex micro-fit 4-pin (dual row schematic) from Husky Robotics Standard Library 2019-2020.IntLib
Replace Part PWM_3 Molex micro-fit 4-pin (dual row schematic) in C:\Users\warre\Documents\Husky Robotics\CAN-GPIO-PCB-A-2019-2020\CAN_GPIO_1.0_RW\Connectors.SchDoc with Molex micro-fit 4-pin (dual row schematic) from Husky Robotics Standard Library 2019-2020.IntLib
Replace Part PWM_4 Molex micro-fit 4-pin (dual row schematic) in C:\Users\warre\Documents\Husky Robotics\CAN-GPIO-PCB-A-2019-2020\CAN_GPIO_1.0_RW\Connectors.SchDoc with Molex micro-fit 4-pin (dual row schematic) from Husky Robotics Standard Library 2019-2020.IntLib
Replace Part PWM_5 Molex micro-fit 4-pin (dual row schematic) in C:\Users\warre\Documents\Husky Robotics\CAN-GPIO-PCB-A-2019-2020\CAN_GPIO_1.0_RW\Connectors.SchDoc with Molex micro-fit 4-pin (dual row schematic) from Husky Robotics Standard Library 2019-2020.IntLib
Replace Part R6 Resistor 0805 in C:\Users\warre\Documents\Husky Robotics\CAN-GPIO-PCB-A-2019-2020\CAN_GPIO_1.0_RW\Connectors.SchDoc with Resistor 0805 from Husky Robotics Standard Library 2019-2020.IntLib
Update Managed Component SPI From CMP-1594-00003-1[43045-0812] To CMP-1594-00003-1[43045-0812] in Connectors.SchDoc
Replace Part UART Molex micro-fit 4-pin (dual row schematic) in C:\Users\warre\Documents\Husky Robotics\CAN-GPIO-PCB-A-2019-2020\CAN_GPIO_1.0_RW\Connectors.SchDoc with Molex micro-fit 4-pin (dual row schematic) from Husky Robotics Standard Library 2019-2020.IntLib
