Change Component Designator: Old Designator=C7 New Designator=C?
Change Component Designator: Old Designator=D1 New Designator=D?
Change Component Designator: Old Designator=DH1 New Designator=DH?
Change Component Designator: Old Designator=DH2 New Designator=DH?
Change Component Designator: Old Designator=DH3 New Designator=DH?
Change Component Designator: Old Designator=DH4 New Designator=DH?
Change Component Designator: Old Designator=DH5 New Designator=DH?
Change Component Designator: Old Designator=DH6 New Designator=DH?
Change Component Designator: Old Designator=DH7 New Designator=DH?
Change Component Designator: Old Designator=DH8 New Designator=DH?
Change Component Designator: Old Designator=DH9 New Designator=DH?
Change Component Designator: Old Designator=DH10 New Designator=DH?
Change Component Designator: Old Designator=DH11 New Designator=DH?
Change Component Designator: Old Designator=DH12 New Designator=DH?
Change Component Designator: Old Designator=DH13 New Designator=DH?
Change Component Designator: Old Designator=DH14 New Designator=DH?
Change Component Designator: Old Designator=DH15 New Designator=DH?
Change Component Designator: Old Designator=DH16 New Designator=DH?
Change Component Designator: Old Designator=DH17 New Designator=DH?
Change Component Designator: Old Designator=DH18 New Designator=DH?
Change Component Designator: Old Designator=DH19 New Designator=DH?
Change Component Designator: Old Designator=DH20 New Designator=DH?
Change Component Designator: Old Designator=DH21 New Designator=DH?
Change Component Designator: Old Designator=DH22 New Designator=DH?
Change Component Designator: Old Designator=DH23 New Designator=DH?
Change Component Designator: Old Designator=DH24 New Designator=DH?
Change Component Designator: Old Designator=DH25 New Designator=DH?
Change Component Designator: Old Designator=DH26 New Designator=DH?
Change Component Designator: Old Designator=DH27 New Designator=DH?
Change Component Designator: Old Designator=DH28 New Designator=DH?
Change Component Designator: Old Designator=DH29 New Designator=DH?
Change Component Designator: Old Designator=DH30 New Designator=DH?
Change Component Designator: Old Designator=DH31 New Designator=DH?
Change Component Designator: Old Designator=DH32 New Designator=DH?
Change Component Designator: Old Designator=DH33 New Designator=DH?
Change Component Designator: Old Designator=DH34 New Designator=DH?
Change Component Designator: Old Designator=DH35 New Designator=DH?
Change Component Designator: Old Designator=DH36 New Designator=DH?
Change Component Designator: Old Designator=DH37 New Designator=DH?
Change Component Designator: Old Designator=DH38 New Designator=DH?
Change Component Designator: Old Designator=DH39 New Designator=DH?
Change Component Designator: Old Designator=DH40 New Designator=DH?
Change Component Designator: Old Designator=DH41 New Designator=DH?
Change Component Designator: Old Designator=DH42 New Designator=DH?
Change Component Designator: Old Designator=DH43 New Designator=DH?
Change Component Designator: Old Designator=DH44 New Designator=DH?
Change Component Designator: Old Designator=DH45 New Designator=DH?
Change Component Designator: Old Designator=DH46 New Designator=DH?
Change Component Designator: Old Designator=DH47 New Designator=DH?
Change Component Designator: Old Designator=DH48 New Designator=DH?
Change Component Designator: Old Designator=DH49 New Designator=DH?
Change Component Designator: Old Designator=DH50 New Designator=DH?
Change Component Designator: Old Designator=DH51 New Designator=DH?
Change Component Designator: Old Designator=DH52 New Designator=DH?
Change Component Designator: Old Designator=DH53 New Designator=DH?
Change Component Designator: Old Designator=DH54 New Designator=DH?
Change Component Designator: Old Designator=DH55 New Designator=DH?
Change Component Designator: Old Designator=F1 New Designator=F?
Change Component Designator: Old Designator=GND1 New Designator=GND?
Change Component Designator: Old Designator=GND2 New Designator=GND?
Change Component Designator: Old Designator=GND3 New Designator=GND?
Change Component Designator: Old Designator=GND4 New Designator=GND?
Change Component Designator: Old Designator=PWM_1 New Designator=PWM_?
Change Component Designator: Old Designator=PWM_2 New Designator=PWM_?
Change Component Designator: Old Designator=PWM_3 New Designator=PWM_?
Change Component Designator: Old Designator=PWM_4 New Designator=PWM_?
Change Component Designator: Old Designator=PWM_5 New Designator=PWM_?
Change Component Designator: Old Designator=R6 New Designator=R?
