Update Managed Component 3.3V From CMP-009-00062-1[Jumper] To CMP-009-00062-1[0R2J] in Connectors.SchDoc
Update Managed Component 5V From CMP-009-00062-1[Jumper] To CMP-009-00062-1[0R2J] in Connectors.SchDoc
Replace Part CAN  Molex micro-fit 4-pin (dual row schematic) in C:\Users\warre\Documents\Husky Robotics\CAN-GPIO-PCB-A-2019-2020\CAN_GPIO_1.0_RW\Connectors.SchDoc with Molex micro-fit 4-pin (dual row schematic) from Husky Robotics Standard Library 2019-2020.IntLib
Replace Part CLK Test Point in C:\Users\warre\Documents\Husky Robotics\CAN-GPIO-PCB-A-2019-2020\CAN_GPIO_1.0_RW\Connectors.SchDoc with Test Point from Husky Robotics Standard Library 2019-2020.IntLib
Replace Part Data Test Point in C:\Users\warre\Documents\Husky Robotics\CAN-GPIO-PCB-A-2019-2020\CAN_GPIO_1.0_RW\Connectors.SchDoc with Test Point from Husky Robotics Standard Library 2019-2020.IntLib
Replace Part DH Test Point in C:\Users\warre\Documents\Husky Robotics\CAN-GPIO-PCB-A-2019-2020\CAN_GPIO_1.0_RW\Connectors.SchDoc with Test Point from Husky Robotics Standard Library 2019-2020.IntLib
Replace Part DH1 Test Point in C:\Users\warre\Documents\Husky Robotics\CAN-GPIO-PCB-A-2019-2020\CAN_GPIO_1.0_RW\Connectors.SchDoc with Test Point from Husky Robotics Standard Library 2019-2020.IntLib
Replace Part DH2 Test Point in C:\Users\warre\Documents\Husky Robotics\CAN-GPIO-PCB-A-2019-2020\CAN_GPIO_1.0_RW\Connectors.SchDoc with Test Point from Husky Robotics Standard Library 2019-2020.IntLib
Replace Part DH3 Test Point in C:\Users\warre\Documents\Husky Robotics\CAN-GPIO-PCB-A-2019-2020\CAN_GPIO_1.0_RW\Connectors.SchDoc with Test Point from Husky Robotics Standard Library 2019-2020.IntLib
Replace Part DH4 Test Point in C:\Users\warre\Documents\Husky Robotics\CAN-GPIO-PCB-A-2019-2020\CAN_GPIO_1.0_RW\Connectors.SchDoc with Test Point from Husky Robotics Standard Library 2019-2020.IntLib
Replace Part DH5 Test Point in C:\Users\warre\Documents\Husky Robotics\CAN-GPIO-PCB-A-2019-2020\CAN_GPIO_1.0_RW\Connectors.SchDoc with Test Point from Husky Robotics Standard Library 2019-2020.IntLib
Replace Part DH6 Test Point in C:\Users\warre\Documents\Husky Robotics\CAN-GPIO-PCB-A-2019-2020\CAN_GPIO_1.0_RW\Connectors.SchDoc with Test Point from Husky Robotics Standard Library 2019-2020.IntLib
Replace Part DH7 Test Point in C:\Users\warre\Documents\Husky Robotics\CAN-GPIO-PCB-A-2019-2020\CAN_GPIO_1.0_RW\Connectors.SchDoc with Test Point from Husky Robotics Standard Library 2019-2020.IntLib
Replace Part DH8 Test Point in C:\Users\warre\Documents\Husky Robotics\CAN-GPIO-PCB-A-2019-2020\CAN_GPIO_1.0_RW\Connectors.SchDoc with Test Point from Husky Robotics Standard Library 2019-2020.IntLib
Replace Part DH9 Test Point in C:\Users\warre\Documents\Husky Robotics\CAN-GPIO-PCB-A-2019-2020\CAN_GPIO_1.0_RW\Connectors.SchDoc with Test Point from Husky Robotics Standard Library 2019-2020.IntLib
Replace Part DH10 Test Point in C:\Users\warre\Documents\Husky Robotics\CAN-GPIO-PCB-A-2019-2020\CAN_GPIO_1.0_RW\Connectors.SchDoc with Test Point from Husky Robotics Standard Library 2019-2020.IntLib
Replace Part DH11 Test Point in C:\Users\warre\Documents\Husky Robotics\CAN-GPIO-PCB-A-2019-2020\CAN_GPIO_1.0_RW\Connectors.SchDoc with Test Point from Husky Robotics Standard Library 2019-2020.IntLib
Replace Part DH12 Test Point in C:\Users\warre\Documents\Husky Robotics\CAN-GPIO-PCB-A-2019-2020\CAN_GPIO_1.0_RW\Connectors.SchDoc with Test Point from Husky Robotics Standard Library 2019-2020.IntLib
Replace Part DH13 Test Point in C:\Users\warre\Documents\Husky Robotics\CAN-GPIO-PCB-A-2019-2020\CAN_GPIO_1.0_RW\Connectors.SchDoc with Test Point from Husky Robotics Standard Library 2019-2020.IntLib
Replace Part DH14 Test Point in C:\Users\warre\Documents\Husky Robotics\CAN-GPIO-PCB-A-2019-2020\CAN_GPIO_1.0_RW\Connectors.SchDoc with Test Point from Husky Robotics Standard Library 2019-2020.IntLib
Replace Part DH15 Test Point in C:\Users\warre\Documents\Husky Robotics\CAN-GPIO-PCB-A-2019-2020\CAN_GPIO_1.0_RW\Connectors.SchDoc with Test Point from Husky Robotics Standard Library 2019-2020.IntLib
Replace Part DH16 Test Point in C:\Users\warre\Documents\Husky Robotics\CAN-GPIO-PCB-A-2019-2020\CAN_GPIO_1.0_RW\Connectors.SchDoc with Test Point from Husky Robotics Standard Library 2019-2020.IntLib
Replace Part DH17 Test Point in C:\Users\warre\Documents\Husky Robotics\CAN-GPIO-PCB-A-2019-2020\CAN_GPIO_1.0_RW\Connectors.SchDoc with Test Point from Husky Robotics Standard Library 2019-2020.IntLib
Replace Part DH18 Test Point in C:\Users\warre\Documents\Husky Robotics\CAN-GPIO-PCB-A-2019-2020\CAN_GPIO_1.0_RW\Connectors.SchDoc with Test Point from Husky Robotics Standard Library 2019-2020.IntLib
Replace Part DH19 Test Point in C:\Users\warre\Documents\Husky Robotics\CAN-GPIO-PCB-A-2019-2020\CAN_GPIO_1.0_RW\Connectors.SchDoc with Test Point from Husky Robotics Standard Library 2019-2020.IntLib
Replace Part DH20 Test Point in C:\Users\warre\Documents\Husky Robotics\CAN-GPIO-PCB-A-2019-2020\CAN_GPIO_1.0_RW\Connectors.SchDoc with Test Point from Husky Robotics Standard Library 2019-2020.IntLib
Replace Part DH21 Test Point in C:\Users\warre\Documents\Husky Robotics\CAN-GPIO-PCB-A-2019-2020\CAN_GPIO_1.0_RW\Connectors.SchDoc with Test Point from Husky Robotics Standard Library 2019-2020.IntLib
Replace Part DH22 Test Point in C:\Users\warre\Documents\Husky Robotics\CAN-GPIO-PCB-A-2019-2020\CAN_GPIO_1.0_RW\Connectors.SchDoc with Test Point from Husky Robotics Standard Library 2019-2020.IntLib
Replace Part DH23 Test Point in C:\Users\warre\Documents\Husky Robotics\CAN-GPIO-PCB-A-2019-2020\CAN_GPIO_1.0_RW\Connectors.SchDoc with Test Point from Husky Robotics Standard Library 2019-2020.IntLib
Replace Part DH24 Test Point in C:\Users\warre\Documents\Husky Robotics\CAN-GPIO-PCB-A-2019-2020\CAN_GPIO_1.0_RW\Connectors.SchDoc with Test Point from Husky Robotics Standard Library 2019-2020.IntLib
Replace Part DH25 Test Point in C:\Users\warre\Documents\Husky Robotics\CAN-GPIO-PCB-A-2019-2020\CAN_GPIO_1.0_RW\Connectors.SchDoc with Test Point from Husky Robotics Standard Library 2019-2020.IntLib
Replace Part DH26 Test Point in C:\Users\warre\Documents\Husky Robotics\CAN-GPIO-PCB-A-2019-2020\CAN_GPIO_1.0_RW\Connectors.SchDoc with Test Point from Husky Robotics Standard Library 2019-2020.IntLib
Replace Part DH27 Test Point in C:\Users\warre\Documents\Husky Robotics\CAN-GPIO-PCB-A-2019-2020\CAN_GPIO_1.0_RW\Connectors.SchDoc with Test Point from Husky Robotics Standard Library 2019-2020.IntLib
Replace Part DH28 Test Point in C:\Users\warre\Documents\Husky Robotics\CAN-GPIO-PCB-A-2019-2020\CAN_GPIO_1.0_RW\Connectors.SchDoc with Test Point from Husky Robotics Standard Library 2019-2020.IntLib
Replace Part DH29 Test Point in C:\Users\warre\Documents\Husky Robotics\CAN-GPIO-PCB-A-2019-2020\CAN_GPIO_1.0_RW\Connectors.SchDoc with Test Point from Husky Robotics Standard Library 2019-2020.IntLib
Replace Part DH30 Test Point in C:\Users\warre\Documents\Husky Robotics\CAN-GPIO-PCB-A-2019-2020\CAN_GPIO_1.0_RW\Connectors.SchDoc with Test Point from Husky Robotics Standard Library 2019-2020.IntLib
Replace Part DH31 Test Point in C:\Users\warre\Documents\Husky Robotics\CAN-GPIO-PCB-A-2019-2020\CAN_GPIO_1.0_RW\Connectors.SchDoc with Test Point from Husky Robotics Standard Library 2019-2020.IntLib
Replace Part DH32 Test Point in C:\Users\warre\Documents\Husky Robotics\CAN-GPIO-PCB-A-2019-2020\CAN_GPIO_1.0_RW\Connectors.SchDoc with Test Point from Husky Robotics Standard Library 2019-2020.IntLib
Replace Part DH33 Test Point in C:\Users\warre\Documents\Husky Robotics\CAN-GPIO-PCB-A-2019-2020\CAN_GPIO_1.0_RW\Connectors.SchDoc with Test Point from Husky Robotics Standard Library 2019-2020.IntLib
Replace Part DH34 Test Point in C:\Users\warre\Documents\Husky Robotics\CAN-GPIO-PCB-A-2019-2020\CAN_GPIO_1.0_RW\Connectors.SchDoc with Test Point from Husky Robotics Standard Library 2019-2020.IntLib
Replace Part DH35 Test Point in C:\Users\warre\Documents\Husky Robotics\CAN-GPIO-PCB-A-2019-2020\CAN_GPIO_1.0_RW\Connectors.SchDoc with Test Point from Husky Robotics Standard Library 2019-2020.IntLib
Replace Part DH36 Test Point in C:\Users\warre\Documents\Husky Robotics\CAN-GPIO-PCB-A-2019-2020\CAN_GPIO_1.0_RW\Connectors.SchDoc with Test Point from Husky Robotics Standard Library 2019-2020.IntLib
Replace Part DH37 Test Point in C:\Users\warre\Documents\Husky Robotics\CAN-GPIO-PCB-A-2019-2020\CAN_GPIO_1.0_RW\Connectors.SchDoc with Test Point from Husky Robotics Standard Library 2019-2020.IntLib
Replace Part DH38 Test Point in C:\Users\warre\Documents\Husky Robotics\CAN-GPIO-PCB-A-2019-2020\CAN_GPIO_1.0_RW\Connectors.SchDoc with Test Point from Husky Robotics Standard Library 2019-2020.IntLib
Replace Part DH39 Test Point in C:\Users\warre\Documents\Husky Robotics\CAN-GPIO-PCB-A-2019-2020\CAN_GPIO_1.0_RW\Connectors.SchDoc with Test Point from Husky Robotics Standard Library 2019-2020.IntLib
Replace Part DH40 Test Point in C:\Users\warre\Documents\Husky Robotics\CAN-GPIO-PCB-A-2019-2020\CAN_GPIO_1.0_RW\Connectors.SchDoc with Test Point from Husky Robotics Standard Library 2019-2020.IntLib
Replace Part DH41 Test Point in C:\Users\warre\Documents\Husky Robotics\CAN-GPIO-PCB-A-2019-2020\CAN_GPIO_1.0_RW\Connectors.SchDoc with Test Point from Husky Robotics Standard Library 2019-2020.IntLib
Replace Part DH42 Test Point in C:\Users\warre\Documents\Husky Robotics\CAN-GPIO-PCB-A-2019-2020\CAN_GPIO_1.0_RW\Connectors.SchDoc with Test Point from Husky Robotics Standard Library 2019-2020.IntLib
Replace Part DH43 Test Point in C:\Users\warre\Documents\Husky Robotics\CAN-GPIO-PCB-A-2019-2020\CAN_GPIO_1.0_RW\Connectors.SchDoc with Test Point from Husky Robotics Standard Library 2019-2020.IntLib
Replace Part DH44 Test Point in C:\Users\warre\Documents\Husky Robotics\CAN-GPIO-PCB-A-2019-2020\CAN_GPIO_1.0_RW\Connectors.SchDoc with Test Point from Husky Robotics Standard Library 2019-2020.IntLib
Replace Part DH45 Test Point in C:\Users\warre\Documents\Husky Robotics\CAN-GPIO-PCB-A-2019-2020\CAN_GPIO_1.0_RW\Connectors.SchDoc with Test Point from Husky Robotics Standard Library 2019-2020.IntLib
Replace Part DH46 Test Point in C:\Users\warre\Documents\Husky Robotics\CAN-GPIO-PCB-A-2019-2020\CAN_GPIO_1.0_RW\Connectors.SchDoc with Test Point from Husky Robotics Standard Library 2019-2020.IntLib
Replace Part DH47 Test Point in C:\Users\warre\Documents\Husky Robotics\CAN-GPIO-PCB-A-2019-2020\CAN_GPIO_1.0_RW\Connectors.SchDoc with Test Point from Husky Robotics Standard Library 2019-2020.IntLib
Replace Part DH48 Test Point in C:\Users\warre\Documents\Husky Robotics\CAN-GPIO-PCB-A-2019-2020\CAN_GPIO_1.0_RW\Connectors.SchDoc with Test Point from Husky Robotics Standard Library 2019-2020.IntLib
Replace Part DH49 Test Point in C:\Users\warre\Documents\Husky Robotics\CAN-GPIO-PCB-A-2019-2020\CAN_GPIO_1.0_RW\Connectors.SchDoc with Test Point from Husky Robotics Standard Library 2019-2020.IntLib
Replace Part DH50 Test Point in C:\Users\warre\Documents\Husky Robotics\CAN-GPIO-PCB-A-2019-2020\CAN_GPIO_1.0_RW\Connectors.SchDoc with Test Point from Husky Robotics Standard Library 2019-2020.IntLib
Replace Part DH51 Test Point in C:\Users\warre\Documents\Husky Robotics\CAN-GPIO-PCB-A-2019-2020\CAN_GPIO_1.0_RW\Connectors.SchDoc with Test Point from Husky Robotics Standard Library 2019-2020.IntLib
Replace Part DH52 Test Point in C:\Users\warre\Documents\Husky Robotics\CAN-GPIO-PCB-A-2019-2020\CAN_GPIO_1.0_RW\Connectors.SchDoc with Test Point from Husky Robotics Standard Library 2019-2020.IntLib
Replace Part DH53 Test Point in C:\Users\warre\Documents\Husky Robotics\CAN-GPIO-PCB-A-2019-2020\CAN_GPIO_1.0_RW\Connectors.SchDoc with Test Point from Husky Robotics Standard Library 2019-2020.IntLib
Replace Part DH54 Test Point in C:\Users\warre\Documents\Husky Robotics\CAN-GPIO-PCB-A-2019-2020\CAN_GPIO_1.0_RW\Connectors.SchDoc with Test Point from Husky Robotics Standard Library 2019-2020.IntLib
Replace Part DH55 Test Point in C:\Users\warre\Documents\Husky Robotics\CAN-GPIO-PCB-A-2019-2020\CAN_GPIO_1.0_RW\Connectors.SchDoc with Test Point from Husky Robotics Standard Library 2019-2020.IntLib
Replace Part DH56 Test Point in C:\Users\warre\Documents\Husky Robotics\CAN-GPIO-PCB-A-2019-2020\CAN_GPIO_1.0_RW\Connectors.SchDoc with Test Point from Husky Robotics Standard Library 2019-2020.IntLib
Replace Part DH57 Test Point in C:\Users\warre\Documents\Husky Robotics\CAN-GPIO-PCB-A-2019-2020\CAN_GPIO_1.0_RW\Connectors.SchDoc with Test Point from Husky Robotics Standard Library 2019-2020.IntLib
Replace Part DH58 Test Point in C:\Users\warre\Documents\Husky Robotics\CAN-GPIO-PCB-A-2019-2020\CAN_GPIO_1.0_RW\Connectors.SchDoc with Test Point from Husky Robotics Standard Library 2019-2020.IntLib
Replace Part DH59 Test Point in C:\Users\warre\Documents\Husky Robotics\CAN-GPIO-PCB-A-2019-2020\CAN_GPIO_1.0_RW\Connectors.SchDoc with Test Point from Husky Robotics Standard Library 2019-2020.IntLib
Replace Part DH60 Test Point in C:\Users\warre\Documents\Husky Robotics\CAN-GPIO-PCB-A-2019-2020\CAN_GPIO_1.0_RW\Connectors.SchDoc with Test Point from Husky Robotics Standard Library 2019-2020.IntLib
Replace Part DH61 Test Point in C:\Users\warre\Documents\Husky Robotics\CAN-GPIO-PCB-A-2019-2020\CAN_GPIO_1.0_RW\Connectors.SchDoc with Test Point from Husky Robotics Standard Library 2019-2020.IntLib
Replace Part DH62 Test Point in C:\Users\warre\Documents\Husky Robotics\CAN-GPIO-PCB-A-2019-2020\CAN_GPIO_1.0_RW\Connectors.SchDoc with Test Point from Husky Robotics Standard Library 2019-2020.IntLib
Replace Part DH63 Test Point in C:\Users\warre\Documents\Husky Robotics\CAN-GPIO-PCB-A-2019-2020\CAN_GPIO_1.0_RW\Connectors.SchDoc with Test Point from Husky Robotics Standard Library 2019-2020.IntLib
Replace Part DH64 Test Point in C:\Users\warre\Documents\Husky Robotics\CAN-GPIO-PCB-A-2019-2020\CAN_GPIO_1.0_RW\Connectors.SchDoc with Test Point from Husky Robotics Standard Library 2019-2020.IntLib
Replace Part DH65 Test Point in C:\Users\warre\Documents\Husky Robotics\CAN-GPIO-PCB-A-2019-2020\CAN_GPIO_1.0_RW\Connectors.SchDoc with Test Point from Husky Robotics Standard Library 2019-2020.IntLib
Replace Part DH66 Test Point in C:\Users\warre\Documents\Husky Robotics\CAN-GPIO-PCB-A-2019-2020\CAN_GPIO_1.0_RW\Connectors.SchDoc with Test Point from Husky Robotics Standard Library 2019-2020.IntLib
Replace Part DH67 Test Point in C:\Users\warre\Documents\Husky Robotics\CAN-GPIO-PCB-A-2019-2020\CAN_GPIO_1.0_RW\Connectors.SchDoc with Test Point from Husky Robotics Standard Library 2019-2020.IntLib
Replace Part DH68 Test Point in C:\Users\warre\Documents\Husky Robotics\CAN-GPIO-PCB-A-2019-2020\CAN_GPIO_1.0_RW\Connectors.SchDoc with Test Point from Husky Robotics Standard Library 2019-2020.IntLib
Replace Part DH69 Test Point in C:\Users\warre\Documents\Husky Robotics\CAN-GPIO-PCB-A-2019-2020\CAN_GPIO_1.0_RW\Connectors.SchDoc with Test Point from Husky Robotics Standard Library 2019-2020.IntLib
Replace Part DH70 Test Point in C:\Users\warre\Documents\Husky Robotics\CAN-GPIO-PCB-A-2019-2020\CAN_GPIO_1.0_RW\Connectors.SchDoc with Test Point from Husky Robotics Standard Library 2019-2020.IntLib
Replace Part DH71 Test Point in C:\Users\warre\Documents\Husky Robotics\CAN-GPIO-PCB-A-2019-2020\CAN_GPIO_1.0_RW\Connectors.SchDoc with Test Point from Husky Robotics Standard Library 2019-2020.IntLib
Replace Part DH72 Test Point in C:\Users\warre\Documents\Husky Robotics\CAN-GPIO-PCB-A-2019-2020\CAN_GPIO_1.0_RW\Connectors.SchDoc with Test Point from Husky Robotics Standard Library 2019-2020.IntLib
Replace Part DH73 Test Point in C:\Users\warre\Documents\Husky Robotics\CAN-GPIO-PCB-A-2019-2020\CAN_GPIO_1.0_RW\Connectors.SchDoc with Test Point from Husky Robotics Standard Library 2019-2020.IntLib
Replace Part DH74 Test Point in C:\Users\warre\Documents\Husky Robotics\CAN-GPIO-PCB-A-2019-2020\CAN_GPIO_1.0_RW\Connectors.SchDoc with Test Point from Husky Robotics Standard Library 2019-2020.IntLib
Replace Part DH75 Test Point in C:\Users\warre\Documents\Husky Robotics\CAN-GPIO-PCB-A-2019-2020\CAN_GPIO_1.0_RW\Connectors.SchDoc with Test Point from Husky Robotics Standard Library 2019-2020.IntLib
Replace Part DH76 Test Point in C:\Users\warre\Documents\Husky Robotics\CAN-GPIO-PCB-A-2019-2020\CAN_GPIO_1.0_RW\Connectors.SchDoc with Test Point from Husky Robotics Standard Library 2019-2020.IntLib
Replace Part DH77 Test Point in C:\Users\warre\Documents\Husky Robotics\CAN-GPIO-PCB-A-2019-2020\CAN_GPIO_1.0_RW\Connectors.SchDoc with Test Point from Husky Robotics Standard Library 2019-2020.IntLib
Replace Part DH78 Test Point in C:\Users\warre\Documents\Husky Robotics\CAN-GPIO-PCB-A-2019-2020\CAN_GPIO_1.0_RW\Connectors.SchDoc with Test Point from Husky Robotics Standard Library 2019-2020.IntLib
Replace Part DH79 Test Point in C:\Users\warre\Documents\Husky Robotics\CAN-GPIO-PCB-A-2019-2020\CAN_GPIO_1.0_RW\Connectors.SchDoc with Test Point from Husky Robotics Standard Library 2019-2020.IntLib
Replace Part DH80 Test Point in C:\Users\warre\Documents\Husky Robotics\CAN-GPIO-PCB-A-2019-2020\CAN_GPIO_1.0_RW\Connectors.SchDoc with Test Point from Husky Robotics Standard Library 2019-2020.IntLib
Replace Part DH81 Test Point in C:\Users\warre\Documents\Husky Robotics\CAN-GPIO-PCB-A-2019-2020\CAN_GPIO_1.0_RW\Connectors.SchDoc with Test Point from Husky Robotics Standard Library 2019-2020.IntLib
Replace Part DH82 Test Point in C:\Users\warre\Documents\Husky Robotics\CAN-GPIO-PCB-A-2019-2020\CAN_GPIO_1.0_RW\Connectors.SchDoc with Test Point from Husky Robotics Standard Library 2019-2020.IntLib
Replace Part DH83 Test Point in C:\Users\warre\Documents\Husky Robotics\CAN-GPIO-PCB-A-2019-2020\CAN_GPIO_1.0_RW\Connectors.SchDoc with Test Point from Husky Robotics Standard Library 2019-2020.IntLib
Replace Part DH84 Test Point in C:\Users\warre\Documents\Husky Robotics\CAN-GPIO-PCB-A-2019-2020\CAN_GPIO_1.0_RW\Connectors.SchDoc with Test Point from Husky Robotics Standard Library 2019-2020.IntLib
Replace Part DH85 Test Point in C:\Users\warre\Documents\Husky Robotics\CAN-GPIO-PCB-A-2019-2020\CAN_GPIO_1.0_RW\Connectors.SchDoc with Test Point from Husky Robotics Standard Library 2019-2020.IntLib
Replace Part DH86 Test Point in C:\Users\warre\Documents\Husky Robotics\CAN-GPIO-PCB-A-2019-2020\CAN_GPIO_1.0_RW\Connectors.SchDoc with Test Point from Husky Robotics Standard Library 2019-2020.IntLib
Replace Part DH87 Test Point in C:\Users\warre\Documents\Husky Robotics\CAN-GPIO-PCB-A-2019-2020\CAN_GPIO_1.0_RW\Connectors.SchDoc with Test Point from Husky Robotics Standard Library 2019-2020.IntLib
Replace Part DH88 Test Point in C:\Users\warre\Documents\Husky Robotics\CAN-GPIO-PCB-A-2019-2020\CAN_GPIO_1.0_RW\Connectors.SchDoc with Test Point from Husky Robotics Standard Library 2019-2020.IntLib
Replace Part DH89 Test Point in C:\Users\warre\Documents\Husky Robotics\CAN-GPIO-PCB-A-2019-2020\CAN_GPIO_1.0_RW\Connectors.SchDoc with Test Point from Husky Robotics Standard Library 2019-2020.IntLib
Replace Part DH90 Test Point in C:\Users\warre\Documents\Husky Robotics\CAN-GPIO-PCB-A-2019-2020\CAN_GPIO_1.0_RW\Connectors.SchDoc with Test Point from Husky Robotics Standard Library 2019-2020.IntLib
Replace Part DH91 Test Point in C:\Users\warre\Documents\Husky Robotics\CAN-GPIO-PCB-A-2019-2020\CAN_GPIO_1.0_RW\Connectors.SchDoc with Test Point from Husky Robotics Standard Library 2019-2020.IntLib
Replace Part DH92 Test Point in C:\Users\warre\Documents\Husky Robotics\CAN-GPIO-PCB-A-2019-2020\CAN_GPIO_1.0_RW\Connectors.SchDoc with Test Point from Husky Robotics Standard Library 2019-2020.IntLib
Replace Part DH93 Test Point in C:\Users\warre\Documents\Husky Robotics\CAN-GPIO-PCB-A-2019-2020\CAN_GPIO_1.0_RW\Connectors.SchDoc with Test Point from Husky Robotics Standard Library 2019-2020.IntLib
Replace Part DH94 Test Point in C:\Users\warre\Documents\Husky Robotics\CAN-GPIO-PCB-A-2019-2020\CAN_GPIO_1.0_RW\Connectors.SchDoc with Test Point from Husky Robotics Standard Library 2019-2020.IntLib
Replace Part DH95 Test Point in C:\Users\warre\Documents\Husky Robotics\CAN-GPIO-PCB-A-2019-2020\CAN_GPIO_1.0_RW\Connectors.SchDoc with Test Point from Husky Robotics Standard Library 2019-2020.IntLib
Replace Part Encoder Molex micro-fit 6-pin (dual row schematic) in C:\Users\warre\Documents\Husky Robotics\CAN-GPIO-PCB-A-2019-2020\CAN_GPIO_1.0_RW\Connectors.SchDoc with Molex micro-fit 6-pin (dual row schematic) from Husky Robotics Standard Library 2019-2020.IntLib
Update Managed Component F1 From CMP-2000-06693-1[250mA] To CMP-2000-06693-1[MF-NSMF150-2] in Connectors.SchDoc
Replace Part GND1 Test Point in C:\Users\warre\Documents\Husky Robotics\CAN-GPIO-PCB-A-2019-2020\CAN_GPIO_1.0_RW\Connectors.SchDoc with Test Point from Husky Robotics Standard Library 2019-2020.IntLib
Replace Part GND2 Test Point in C:\Users\warre\Documents\Husky Robotics\CAN-GPIO-PCB-A-2019-2020\CAN_GPIO_1.0_RW\Connectors.SchDoc with Test Point from Husky Robotics Standard Library 2019-2020.IntLib
Replace Part GND3 Test Point in C:\Users\warre\Documents\Husky Robotics\CAN-GPIO-PCB-A-2019-2020\CAN_GPIO_1.0_RW\Connectors.SchDoc with Test Point from Husky Robotics Standard Library 2019-2020.IntLib
Replace Part GND P2_3 Vcc 1985836 in C:\Users\warre\Documents\Husky Robotics\CAN-GPIO-PCB-A-2019-2020\CAN_GPIO_1.0_RW\Connectors.SchDoc with 1985836 from 1985836.IntLib
Replace Part I2C Molex micro-fit 4-pin (dual row schematic) in C:\Users\warre\Documents\Husky Robotics\CAN-GPIO-PCB-A-2019-2020\CAN_GPIO_1.0_RW\Connectors.SchDoc with Molex micro-fit 4-pin (dual row schematic) from Husky Robotics Standard Library 2019-2020.IntLib
Replace Part P2_3 Test Point in C:\Users\warre\Documents\Husky Robotics\CAN-GPIO-PCB-A-2019-2020\CAN_GPIO_1.0_RW\Connectors.SchDoc with Test Point from Husky Robotics Standard Library 2019-2020.IntLib
Replace Part P2_4 Test Point in C:\Users\warre\Documents\Husky Robotics\CAN-GPIO-PCB-A-2019-2020\CAN_GPIO_1.0_RW\Connectors.SchDoc with Test Point from Husky Robotics Standard Library 2019-2020.IntLib
Replace Part P2_5 Test Point in C:\Users\warre\Documents\Husky Robotics\CAN-GPIO-PCB-A-2019-2020\CAN_GPIO_1.0_RW\Connectors.SchDoc with Test Point from Husky Robotics Standard Library 2019-2020.IntLib
Replace Part P2_6 Test Point in C:\Users\warre\Documents\Husky Robotics\CAN-GPIO-PCB-A-2019-2020\CAN_GPIO_1.0_RW\Connectors.SchDoc with Test Point from Husky Robotics Standard Library 2019-2020.IntLib
Replace Part P2_7 Test Point in C:\Users\warre\Documents\Husky Robotics\CAN-GPIO-PCB-A-2019-2020\CAN_GPIO_1.0_RW\Connectors.SchDoc with Test Point from Husky Robotics Standard Library 2019-2020.IntLib
Replace Part P3_5 Test Point in C:\Users\warre\Documents\Husky Robotics\CAN-GPIO-PCB-A-2019-2020\CAN_GPIO_1.0_RW\Connectors.SchDoc with Test Point from Husky Robotics Standard Library 2019-2020.IntLib
Replace Part P3_7 Test Point in C:\Users\warre\Documents\Husky Robotics\CAN-GPIO-PCB-A-2019-2020\CAN_GPIO_1.0_RW\Connectors.SchDoc with Test Point from Husky Robotics Standard Library 2019-2020.IntLib
Replace Part P5_1 Test Point in C:\Users\warre\Documents\Husky Robotics\CAN-GPIO-PCB-A-2019-2020\CAN_GPIO_1.0_RW\Connectors.SchDoc with Test Point from Husky Robotics Standard Library 2019-2020.IntLib
Replace Part P6_1 Test Point in C:\Users\warre\Documents\Husky Robotics\CAN-GPIO-PCB-A-2019-2020\CAN_GPIO_1.0_RW\Connectors.SchDoc with Test Point from Husky Robotics Standard Library 2019-2020.IntLib
Replace Part P6_5 Test Point in C:\Users\warre\Documents\Husky Robotics\CAN-GPIO-PCB-A-2019-2020\CAN_GPIO_1.0_RW\Connectors.SchDoc with Test Point from Husky Robotics Standard Library 2019-2020.IntLib
Replace Part P7_1 Test Point in C:\Users\warre\Documents\Husky Robotics\CAN-GPIO-PCB-A-2019-2020\CAN_GPIO_1.0_RW\Connectors.SchDoc with Test Point from Husky Robotics Standard Library 2019-2020.IntLib
Replace Part P13_0 Test Point in C:\Users\warre\Documents\Husky Robotics\CAN-GPIO-PCB-A-2019-2020\CAN_GPIO_1.0_RW\Connectors.SchDoc with Test Point from Husky Robotics Standard Library 2019-2020.IntLib
Replace Part P13_1 Test Point in C:\Users\warre\Documents\Husky Robotics\CAN-GPIO-PCB-A-2019-2020\CAN_GPIO_1.0_RW\Connectors.SchDoc with Test Point from Husky Robotics Standard Library 2019-2020.IntLib
Replace Part P13_2 Test Point in C:\Users\warre\Documents\Husky Robotics\CAN-GPIO-PCB-A-2019-2020\CAN_GPIO_1.0_RW\Connectors.SchDoc with Test Point from Husky Robotics Standard Library 2019-2020.IntLib
Replace Part Pot/PWM Molex micro-fit 4-pin (dual row schematic) in C:\Users\warre\Documents\Husky Robotics\CAN-GPIO-PCB-A-2019-2020\CAN_GPIO_1.0_RW\Connectors.SchDoc with Molex micro-fit 4-pin (dual row schematic) from Husky Robotics Standard Library 2019-2020.IntLib
Replace Part PRG Programming Header in C:\Users\warre\Documents\Husky Robotics\CAN-GPIO-PCB-A-2019-2020\CAN_GPIO_1.0_RW\Connectors.SchDoc with Programming Header from Husky Robotics Standard Library 2019-2020.IntLib
Replace Part PWM_1x2 Molex micro-fit 4-pin (dual row schematic) in C:\Users\warre\Documents\Husky Robotics\CAN-GPIO-PCB-A-2019-2020\CAN_GPIO_1.0_RW\Connectors.SchDoc with Molex micro-fit 4-pin (dual row schematic) from Husky Robotics Standard Library 2019-2020.IntLib
Replace Part PWM_2x2 Molex micro-fit 4-pin (dual row schematic) in C:\Users\warre\Documents\Husky Robotics\CAN-GPIO-PCB-A-2019-2020\CAN_GPIO_1.0_RW\Connectors.SchDoc with Molex micro-fit 4-pin (dual row schematic) from Husky Robotics Standard Library 2019-2020.IntLib
Replace Part PWM_3x2 Molex micro-fit 4-pin (dual row schematic) in C:\Users\warre\Documents\Husky Robotics\CAN-GPIO-PCB-A-2019-2020\CAN_GPIO_1.0_RW\Connectors.SchDoc with Molex micro-fit 4-pin (dual row schematic) from Husky Robotics Standard Library 2019-2020.IntLib
Replace Part PWM_4x2 Molex micro-fit 4-pin (dual row schematic) in C:\Users\warre\Documents\Husky Robotics\CAN-GPIO-PCB-A-2019-2020\CAN_GPIO_1.0_RW\Connectors.SchDoc with Molex micro-fit 4-pin (dual row schematic) from Husky Robotics Standard Library 2019-2020.IntLib
Replace Part PWM_5 Molex micro-fit 4-pin (dual row schematic) in C:\Users\warre\Documents\Husky Robotics\CAN-GPIO-PCB-A-2019-2020\CAN_GPIO_1.0_RW\Connectors.SchDoc with Molex micro-fit 4-pin (dual row schematic) from Husky Robotics Standard Library 2019-2020.IntLib
Replace Part R6 Resistor 0805 in C:\Users\warre\Documents\Husky Robotics\CAN-GPIO-PCB-A-2019-2020\CAN_GPIO_1.0_RW\Connectors.SchDoc with Resistor 0805 from Husky Robotics Standard Library 2019-2020.IntLib
Update Managed Component SPI From CMP-1594-00003-1[43045-0812] To CMP-1594-00003-1[43045-0812] in Connectors.SchDoc
Replace Part TP1 Test Point in C:\Users\warre\Documents\Husky Robotics\CAN-GPIO-PCB-A-2019-2020\CAN_GPIO_1.0_RW\Connectors.SchDoc with Test Point from Husky Robotics Standard Library 2019-2020.IntLib
Replace Part TP2 Test Point in C:\Users\warre\Documents\Husky Robotics\CAN-GPIO-PCB-A-2019-2020\CAN_GPIO_1.0_RW\Connectors.SchDoc with Test Point from Husky Robotics Standard Library 2019-2020.IntLib
Replace Part TP3 Test Point in C:\Users\warre\Documents\Husky Robotics\CAN-GPIO-PCB-A-2019-2020\CAN_GPIO_1.0_RW\Connectors.SchDoc with Test Point from Husky Robotics Standard Library 2019-2020.IntLib
Replace Part TP4 Test Point in C:\Users\warre\Documents\Husky Robotics\CAN-GPIO-PCB-A-2019-2020\CAN_GPIO_1.0_RW\Connectors.SchDoc with Test Point from Husky Robotics Standard Library 2019-2020.IntLib
Replace Part TP5 Test Point in C:\Users\warre\Documents\Husky Robotics\CAN-GPIO-PCB-A-2019-2020\CAN_GPIO_1.0_RW\Connectors.SchDoc with Test Point from Husky Robotics Standard Library 2019-2020.IntLib
Replace Part TP6 Test Point in C:\Users\warre\Documents\Husky Robotics\CAN-GPIO-PCB-A-2019-2020\CAN_GPIO_1.0_RW\Connectors.SchDoc with Test Point from Husky Robotics Standard Library 2019-2020.IntLib
Replace Part TP7 Test Point in C:\Users\warre\Documents\Husky Robotics\CAN-GPIO-PCB-A-2019-2020\CAN_GPIO_1.0_RW\Connectors.SchDoc with Test Point from Husky Robotics Standard Library 2019-2020.IntLib
Replace Part TP8 Test Point in C:\Users\warre\Documents\Husky Robotics\CAN-GPIO-PCB-A-2019-2020\CAN_GPIO_1.0_RW\Connectors.SchDoc with Test Point from Husky Robotics Standard Library 2019-2020.IntLib
Replace Part TP9 Test Point in C:\Users\warre\Documents\Husky Robotics\CAN-GPIO-PCB-A-2019-2020\CAN_GPIO_1.0_RW\Connectors.SchDoc with Test Point from Husky Robotics Standard Library 2019-2020.IntLib
Replace Part TP10 Test Point in C:\Users\warre\Documents\Husky Robotics\CAN-GPIO-PCB-A-2019-2020\CAN_GPIO_1.0_RW\Connectors.SchDoc with Test Point from Husky Robotics Standard Library 2019-2020.IntLib
Replace Part TP11 Test Point in C:\Users\warre\Documents\Husky Robotics\CAN-GPIO-PCB-A-2019-2020\CAN_GPIO_1.0_RW\Connectors.SchDoc with Test Point from Husky Robotics Standard Library 2019-2020.IntLib
Replace Part TP12 Test Point in C:\Users\warre\Documents\Husky Robotics\CAN-GPIO-PCB-A-2019-2020\CAN_GPIO_1.0_RW\Connectors.SchDoc with Test Point from Husky Robotics Standard Library 2019-2020.IntLib
Replace Part TP13 Test Point in C:\Users\warre\Documents\Husky Robotics\CAN-GPIO-PCB-A-2019-2020\CAN_GPIO_1.0_RW\Connectors.SchDoc with Test Point from Husky Robotics Standard Library 2019-2020.IntLib
Replace Part TP14 Test Point in C:\Users\warre\Documents\Husky Robotics\CAN-GPIO-PCB-A-2019-2020\CAN_GPIO_1.0_RW\Connectors.SchDoc with Test Point from Husky Robotics Standard Library 2019-2020.IntLib
Replace Part TP15 Test Point in C:\Users\warre\Documents\Husky Robotics\CAN-GPIO-PCB-A-2019-2020\CAN_GPIO_1.0_RW\Connectors.SchDoc with Test Point from Husky Robotics Standard Library 2019-2020.IntLib
Replace Part TP16 Test Point in C:\Users\warre\Documents\Husky Robotics\CAN-GPIO-PCB-A-2019-2020\CAN_GPIO_1.0_RW\Connectors.SchDoc with Test Point from Husky Robotics Standard Library 2019-2020.IntLib
Replace Part TP17 Test Point in C:\Users\warre\Documents\Husky Robotics\CAN-GPIO-PCB-A-2019-2020\CAN_GPIO_1.0_RW\Connectors.SchDoc with Test Point from Husky Robotics Standard Library 2019-2020.IntLib
Replace Part TP18 Test Point in C:\Users\warre\Documents\Husky Robotics\CAN-GPIO-PCB-A-2019-2020\CAN_GPIO_1.0_RW\Connectors.SchDoc with Test Point from Husky Robotics Standard Library 2019-2020.IntLib
Replace Part TP19 Test Point in C:\Users\warre\Documents\Husky Robotics\CAN-GPIO-PCB-A-2019-2020\CAN_GPIO_1.0_RW\Connectors.SchDoc with Test Point from Husky Robotics Standard Library 2019-2020.IntLib
Replace Part TP20 Test Point in C:\Users\warre\Documents\Husky Robotics\CAN-GPIO-PCB-A-2019-2020\CAN_GPIO_1.0_RW\Connectors.SchDoc with Test Point from Husky Robotics Standard Library 2019-2020.IntLib
Replace Part TP21 Test Point in C:\Users\warre\Documents\Husky Robotics\CAN-GPIO-PCB-A-2019-2020\CAN_GPIO_1.0_RW\Connectors.SchDoc with Test Point from Husky Robotics Standard Library 2019-2020.IntLib
Replace Part TP22 Test Point in C:\Users\warre\Documents\Husky Robotics\CAN-GPIO-PCB-A-2019-2020\CAN_GPIO_1.0_RW\Connectors.SchDoc with Test Point from Husky Robotics Standard Library 2019-2020.IntLib
Replace Part TP23 Test Point in C:\Users\warre\Documents\Husky Robotics\CAN-GPIO-PCB-A-2019-2020\CAN_GPIO_1.0_RW\Connectors.SchDoc with Test Point from Husky Robotics Standard Library 2019-2020.IntLib
Replace Part TP24 Test Point in C:\Users\warre\Documents\Husky Robotics\CAN-GPIO-PCB-A-2019-2020\CAN_GPIO_1.0_RW\Connectors.SchDoc with Test Point from Husky Robotics Standard Library 2019-2020.IntLib
Replace Part TP25 Test Point in C:\Users\warre\Documents\Husky Robotics\CAN-GPIO-PCB-A-2019-2020\CAN_GPIO_1.0_RW\Connectors.SchDoc with Test Point from Husky Robotics Standard Library 2019-2020.IntLib
Replace Part TP26 Test Point in C:\Users\warre\Documents\Husky Robotics\CAN-GPIO-PCB-A-2019-2020\CAN_GPIO_1.0_RW\Connectors.SchDoc with Test Point from Husky Robotics Standard Library 2019-2020.IntLib
Replace Part TP27 Test Point in C:\Users\warre\Documents\Husky Robotics\CAN-GPIO-PCB-A-2019-2020\CAN_GPIO_1.0_RW\Connectors.SchDoc with Test Point from Husky Robotics Standard Library 2019-2020.IntLib
Replace Part UART/PWM Molex micro-fit 4-pin (dual row schematic) in C:\Users\warre\Documents\Husky Robotics\CAN-GPIO-PCB-A-2019-2020\CAN_GPIO_1.0_RW\Connectors.SchDoc with Molex micro-fit 4-pin (dual row schematic) from Husky Robotics Standard Library 2019-2020.IntLib
