Removed Pin From Net: NetName=GND Pin=PWM1-1a
Removed Pin From Net: NetName=GND Pin=PWM1-1b
Removed Pin From Net: NetName=GND Pin=PWM1-1
Removed Pin From Net: NetName=24V Pin=PWM1-4a
Removed Pin From Net: NetName=24V Pin=PWM1-4b
Removed Pin From Net: NetName=24V Pin=PWM1-4
Removed Pin From Net: NetName=LED FAULT Pin=PWM1-10
Removed Pin From Net: NetName=GND Pin=PWM1-14
Removed Pin From Net: NetName=GND Pin=PWM1-15
Removed Pin From Net: NetName=GND Pin=R17-2
Change Managed Component Library Link : Designator=5V Old VaultGUID= New VaultGUID=B7D15EC3-160A-466F-A46C-7801FE6295A7 Old ItemGUID= New ItemGUID=2A1BFE78-DD78-45E2-A296-B2CCE30959BE Old RevisionGUID= New RevisionGUID=6A36C9D9-4332-4B0B-A422-7ECDF62E49AD
Change Managed Component Library Link : Designator=24V Old VaultGUID= New VaultGUID=B7D15EC3-160A-466F-A46C-7801FE6295A7 Old ItemGUID= New ItemGUID=2A1BFE78-DD78-45E2-A296-B2CCE30959BE Old RevisionGUID= New RevisionGUID=6A36C9D9-4332-4B0B-A422-7ECDF62E49AD
Change Managed Component Library Link : Designator=C1 Old VaultGUID= New VaultGUID=B7D15EC3-160A-466F-A46C-7801FE6295A7 Old ItemGUID= New ItemGUID=249C2F2D-679D-4887-AD9D-508061ACCF96 Old RevisionGUID= New RevisionGUID=E4C04234-C956-46CB-A4CA-A628BC118194
Change Managed Component Library Link : Designator=C2 Old VaultGUID= New VaultGUID=B7D15EC3-160A-466F-A46C-7801FE6295A7 Old ItemGUID= New ItemGUID=249C2F2D-679D-4887-AD9D-508061ACCF96 Old RevisionGUID= New RevisionGUID=E4C04234-C956-46CB-A4CA-A628BC118194
Change Managed Component Library Link : Designator=C3 Old VaultGUID= New VaultGUID=B7D15EC3-160A-466F-A46C-7801FE6295A7 Old ItemGUID= New ItemGUID=249C2F2D-679D-4887-AD9D-508061ACCF96 Old RevisionGUID= New RevisionGUID=E4C04234-C956-46CB-A4CA-A628BC118194
Change Managed Component Library Link : Designator=C4 Old VaultGUID= New VaultGUID=B7D15EC3-160A-466F-A46C-7801FE6295A7 Old ItemGUID= New ItemGUID=249C2F2D-679D-4887-AD9D-508061ACCF96 Old RevisionGUID= New RevisionGUID=E4C04234-C956-46CB-A4CA-A628BC118194
Change Managed Component Library Link : Designator=C5 Old VaultGUID= New VaultGUID=B7D15EC3-160A-466F-A46C-7801FE6295A7 Old ItemGUID= New ItemGUID=249C2F2D-679D-4887-AD9D-508061ACCF96 Old RevisionGUID= New RevisionGUID=E4C04234-C956-46CB-A4CA-A628BC118194
Change Managed Component Library Link : Designator=C6 Old VaultGUID= New VaultGUID=B7D15EC3-160A-466F-A46C-7801FE6295A7 Old ItemGUID= New ItemGUID=249C2F2D-679D-4887-AD9D-508061ACCF96 Old RevisionGUID= New RevisionGUID=E4C04234-C956-46CB-A4CA-A628BC118194
Change Managed Component Library Link : Designator=C7 Old VaultGUID= New VaultGUID=B7D15EC3-160A-466F-A46C-7801FE6295A7 Old ItemGUID= New ItemGUID=249C2F2D-679D-4887-AD9D-508061ACCF96 Old RevisionGUID= New RevisionGUID=E4C04234-C956-46CB-A4CA-A628BC118194
Change Managed Component Library Link : Designator=C8 Old VaultGUID= New VaultGUID=B7D15EC3-160A-466F-A46C-7801FE6295A7 Old ItemGUID= New ItemGUID=249C2F2D-679D-4887-AD9D-508061ACCF96 Old RevisionGUID= New RevisionGUID=E4C04234-C956-46CB-A4CA-A628BC118194
Change Managed Component Library Link : Designator=C9 Old VaultGUID= New VaultGUID=B7D15EC3-160A-466F-A46C-7801FE6295A7 Old ItemGUID= New ItemGUID=249C2F2D-679D-4887-AD9D-508061ACCF96 Old RevisionGUID= New RevisionGUID=E4C04234-C956-46CB-A4CA-A628BC118194
Change Managed Component Library Link : Designator=C10 Old VaultGUID= New VaultGUID=B7D15EC3-160A-466F-A46C-7801FE6295A7 Old ItemGUID= New ItemGUID=249C2F2D-679D-4887-AD9D-508061ACCF96 Old RevisionGUID= New RevisionGUID=E4C04234-C956-46CB-A4CA-A628BC118194
Change Managed Component Library Link : Designator=C11 Old VaultGUID= New VaultGUID=B7D15EC3-160A-466F-A46C-7801FE6295A7 Old ItemGUID= New ItemGUID=249C2F2D-679D-4887-AD9D-508061ACCF96 Old RevisionGUID= New RevisionGUID=E4C04234-C956-46CB-A4CA-A628BC118194
Change Managed Component Library Link : Designator=C12 Old VaultGUID= New VaultGUID=B7D15EC3-160A-466F-A46C-7801FE6295A7 Old ItemGUID= New ItemGUID=249C2F2D-679D-4887-AD9D-508061ACCF96 Old RevisionGUID= New RevisionGUID=E4C04234-C956-46CB-A4CA-A628BC118194
Change Managed Component Library Link : Designator=C13 Old VaultGUID= New VaultGUID=B7D15EC3-160A-466F-A46C-7801FE6295A7 Old ItemGUID= New ItemGUID=249C2F2D-679D-4887-AD9D-508061ACCF96 Old RevisionGUID= New RevisionGUID=E4C04234-C956-46CB-A4CA-A628BC118194
Change Managed Component Library Link : Designator=CAN Old VaultGUID= New VaultGUID=B7D15EC3-160A-466F-A46C-7801FE6295A7 Old ItemGUID= New ItemGUID=7830F468-4E43-403D-B52E-22B2DF0E9980 Old RevisionGUID= New RevisionGUID=8899F253-6CBE-4369-B1D3-B6E5EE95657B
Change Managed Component Library Link : Designator=D1 Old VaultGUID= New VaultGUID=B7D15EC3-160A-466F-A46C-7801FE6295A7 Old ItemGUID= New ItemGUID=ED5D7A60-A47C-4D12-96FE-EF99523C035B Old RevisionGUID= New RevisionGUID=9A0D92B3-13B2-4894-B9A8-31C82D0C55CA
Change Managed Component Library Link : Designator=DEBUG 1 Old VaultGUID= New VaultGUID=B7D15EC3-160A-466F-A46C-7801FE6295A7 Old ItemGUID= New ItemGUID=43DB1617-05D8-40A8-A7B6-2F79C5FD1A85 Old RevisionGUID= New RevisionGUID=A1F6E096-46E1-4DA9-BF13-15292A90AF4A
Change Managed Component Library Link : Designator=DEBUG 2 Old VaultGUID= New VaultGUID=B7D15EC3-160A-466F-A46C-7801FE6295A7 Old ItemGUID= New ItemGUID=43DB1617-05D8-40A8-A7B6-2F79C5FD1A85 Old RevisionGUID= New RevisionGUID=A1F6E096-46E1-4DA9-BF13-15292A90AF4A
Change Managed Component Library Link : Designator=ERROR Old VaultGUID= New VaultGUID=B7D15EC3-160A-466F-A46C-7801FE6295A7 Old ItemGUID= New ItemGUID=85376183-F13E-4A9A-85E2-80018B1CEA11 Old RevisionGUID= New RevisionGUID=78255887-7E2D-41C3-ADAD-084C38E20017
Change Managed Component Library Link : Designator=F1 Old VaultGUID= New VaultGUID=B7D15EC3-160A-466F-A46C-7801FE6295A7 Old ItemGUID= New ItemGUID=1392FF39-6A50-4415-BEE8-61FE78434D6A Old RevisionGUID= New RevisionGUID=02B912D8-6D13-495F-87D4-0963122D0593
Change Managed Component Library Link : Designator=FAULT Old VaultGUID= New VaultGUID=B7D15EC3-160A-466F-A46C-7801FE6295A7 Old ItemGUID= New ItemGUID=85376183-F13E-4A9A-85E2-80018B1CEA11 Old RevisionGUID= New RevisionGUID=78255887-7E2D-41C3-ADAD-084C38E20017
Change Managed Component Library Link : Designator=P2 Old VaultGUID= New VaultGUID=B7D15EC3-160A-466F-A46C-7801FE6295A7 Old ItemGUID= New ItemGUID=247AF468-1D4C-4584-BF9C-3E7342F29FA0 Old RevisionGUID= New RevisionGUID=DE7580BC-6E81-44A1-8619-060DE1D7E661
Change Managed Component Library Link : Designator=U3 Old VaultGUID= New VaultGUID=B7D15EC3-160A-466F-A46C-7801FE6295A7 Old ItemGUID= New ItemGUID=F56B6EC9-4E76-4E2F-9058-8D3EE8A248DE Old RevisionGUID= New RevisionGUID=33156DEA-FED9-4B72-92E0-2F21AD4FE014
Change Managed Component Library Link : Designator=U4 Old VaultGUID= New VaultGUID=B7D15EC3-160A-466F-A46C-7801FE6295A7 Old ItemGUID= New ItemGUID=F56B6EC9-4E76-4E2F-9058-8D3EE8A248DE Old RevisionGUID= New RevisionGUID=33156DEA-FED9-4B72-92E0-2F21AD4FE014
Change Managed Component Library Link : Designator=U5 Old VaultGUID= New VaultGUID=B7D15EC3-160A-466F-A46C-7801FE6295A7 Old ItemGUID= New ItemGUID=F56B6EC9-4E76-4E2F-9058-8D3EE8A248DE Old RevisionGUID= New RevisionGUID=33156DEA-FED9-4B72-92E0-2F21AD4FE014
Added Room: Name=CAN
Added Room: Name=DIP Switch
Added Room: Name=LEDs
Added Room: Name=PSoC Connections
Added Room: Name=Standard Header
